[24Jan2026 00:01:45.977] [Server thread/INFO] [AllTheLeaks/]: Listing events...
[24Jan2026 00:01:45.987] [Server thread/INFO] [AllTheLeaks/]: Server Player Logout: 3
[24Jan2026 00:01:45.988] [Server thread/INFO] [AllTheLeaks/]: Listing memory leaks so far...
[24Jan2026 00:01:45.989] [Server thread/INFO] [AllTheLeaks/]: Waiting to stabilize [4/10]
[24Jan2026 00:01:45.990] [Server thread/INFO] [AllTheLeaks/]: Memory Leaks detected: (/atl force_refresh to update)
[24Jan2026 00:01:45.991] [Server thread/INFO] [AllTheLeaks/]: | Player:
[24Jan2026 00:01:45.991] [Server thread/INFO] [AllTheLeaks/]: |- ServerPlayer (minecraft): 3
[24Jan2026 00:01:45.992] [Server thread/INFO] [AllTheLeaks/]: | ChunkAccess:
[24Jan2026 00:01:45.992] [Server thread/INFO] [AllTheLeaks/]: |- LevelChunk (minecraft): 632
[24Jan2026 00:06:46.024] [Server thread/INFO] [AllTheLeaks/]: Listing events...
[24Jan2026 00:06:46.025] [Server thread/INFO] [AllTheLeaks/]: Server Player Logout: 3
[24Jan2026 00:06:46.026] [Server thread/INFO] [AllTheLeaks/]: Listing memory leaks so far...
[24Jan2026 00:06:46.026] [Server thread/INFO] [AllTheLeaks/]: Waiting to stabilize [4/10]
[24Jan2026 00:06:46.027] [Server thread/INFO] [AllTheLeaks/]: Memory Leaks detected: (/atl force_refresh to update)
[24Jan2026 00:06:46.027] [Server thread/INFO] [AllTheLeaks/]: | Player:
[24Jan2026 00:06:46.028] [Server thread/INFO] [AllTheLeaks/]: |- ServerPlayer (minecraft): 3
[24Jan2026 00:06:46.028] [Server thread/INFO] [AllTheLeaks/]: | ChunkAccess:
[24Jan2026 00:06:46.028] [Server thread/INFO] [AllTheLeaks/]: |- LevelChunk (minecraft): 632
[24Jan2026 00:11:46.075] [Server thread/INFO] [AllTheLeaks/]: Listing events...
[24Jan2026 00:11:46.076] [Server thread/INFO] [AllTheLeaks/]: Server Player Logout: 3
[24Jan2026 00:11:46.077] [Server thread/INFO] [AllTheLeaks/]: Listing memory leaks so far...
[24Jan2026 00:11:46.077] [Server thread/INFO] [AllTheLeaks/]: Waiting to stabilize [4/10]
[24Jan2026 00:11:46.078] [Server thread/INFO] [AllTheLeaks/]: Memory Leaks detected: (/atl force_refresh to update)
[24Jan2026 00:11:46.079] [Server thread/INFO] [AllTheLeaks/]: | Player:
[24Jan2026 00:11:46.080] [Server thread/INFO] [AllTheLeaks/]: |- ServerPlayer (minecraft): 3
[24Jan2026 00:11:46.081] [Server thread/INFO] [AllTheLeaks/]: | ChunkAccess:
[24Jan2026 00:11:46.081] [Server thread/INFO] [AllTheLeaks/]: |- LevelChunk (minecraft): 632
[24Jan2026 00:16:46.128] [Server thread/INFO] [AllTheLeaks/]: Listing events...
[24Jan2026 00:16:46.129] [Server thread/INFO] [AllTheLeaks/]: Server Player Logout: 3
[24Jan2026 00:16:46.134] [Server thread/INFO] [AllTheLeaks/]: Listing memory leaks so far...
[24Jan2026 00:16:46.135] [Server thread/INFO] [AllTheLeaks/]: Waiting to stabilize [0/10]
[24Jan2026 00:16:46.136] [Server thread/INFO] [AllTheLeaks/]: Memory Leaks detected: (/atl force_refresh to update)
[24Jan2026 00:16:46.136] [Server thread/INFO] [AllTheLeaks/]: | Player:
[24Jan2026 00:16:46.137] [Server thread/INFO] [AllTheLeaks/]: |- ServerPlayer (minecraft): 3
[24Jan2026 00:16:46.138] [Server thread/INFO] [AllTheLeaks/]: | ChunkAccess:
[24Jan2026 00:16:46.141] [Server thread/INFO] [AllTheLeaks/]: |- LevelChunk (minecraft): 632
[24Jan2026 00:21:46.174] [Server thread/INFO] [AllTheLeaks/]: Listing events...
[24Jan2026 00:21:46.175] [Server thread/INFO] [AllTheLeaks/]: Server Player Logout: 3
[24Jan2026 00:21:46.176] [Server thread/INFO] [AllTheLeaks/]: Listing memory leaks so far...
[24Jan2026 00:21:46.177] [Server thread/INFO] [AllTheLeaks/]: Waiting to stabilize [0/10]
[24Jan2026 00:21:46.178] [Server thread/INFO] [AllTheLeaks/]: Memory Leaks detected: (/atl force_refresh to update)
[24Jan2026 00:21:46.178] [Server thread/INFO] [AllTheLeaks/]: | Player:
[24Jan2026 00:21:46.179] [Server thread/INFO] [AllTheLeaks/]: |- ServerPlayer (minecraft): 3
[24Jan2026 00:21:46.179] [Server thread/INFO] [AllTheLeaks/]: | ChunkAccess:
[24Jan2026 00:21:46.180] [Server thread/INFO] [AllTheLeaks/]: |- LevelChunk (minecraft): 632
[24Jan2026 00:26:46.225] [Server thread/INFO] [AllTheLeaks/]: Listing events...
[24Jan2026 00:26:46.225] [Server thread/INFO] [AllTheLeaks/]: Server Player Logout: 3
[24Jan2026 00:26:46.227] [Server thread/INFO] [AllTheLeaks/]: Listing memory leaks so far...
[24Jan2026 00:26:46.228] [Server thread/INFO] [AllTheLeaks/]: Waiting to stabilize [0/10]
[24Jan2026 00:26:46.228] [Server thread/INFO] [AllTheLeaks/]: Memory Leaks detected: (/atl force_refresh to update)
[24Jan2026 00:26:46.229] [Server thread/INFO] [AllTheLeaks/]: | Player:
[24Jan2026 00:26:46.229] [Server thread/INFO] [AllTheLeaks/]: |- ServerPlayer (minecraft): 3
[24Jan2026 00:26:46.230] [Server thread/INFO] [AllTheLeaks/]: | ChunkAccess:
[24Jan2026 00:26:46.231] [Server thread/INFO] [AllTheLeaks/]: |- LevelChunk (minecraft): 632
[24Jan2026 00:31:46.274] [Server thread/INFO] [AllTheLeaks/]: Listing events...
[24Jan2026 00:31:46.275] [Server thread/INFO] [AllTheLeaks/]: Server Player Logout: 3
[24Jan2026 00:31:46.276] [Server thread/INFO] [AllTheLeaks/]: Listing memory leaks so far...
[24Jan2026 00:31:46.277] [Server thread/INFO] [AllTheLeaks/]: Waiting to stabilize [0/10]
[24Jan2026 00:31:46.277] [Server thread/INFO] [AllTheLeaks/]: Memory Leaks detected: (/atl force_refresh to update)
[24Jan2026 00:31:46.278] [Server thread/INFO] [AllTheLeaks/]: | Player:
[24Jan2026 00:31:46.279] [Server thread/INFO] [AllTheLeaks/]: |- ServerPlayer (minecraft): 3
[24Jan2026 00:31:46.279] [Server thread/INFO] [AllTheLeaks/]: | ChunkAccess:
[24Jan2026 00:31:46.280] [Server thread/INFO] [AllTheLeaks/]: |- LevelChunk (minecraft): 632
[24Jan2026 00:36:46.327] [Server thread/INFO] [AllTheLeaks/]: Listing events...
[24Jan2026 00:36:46.327] [Server thread/INFO] [AllTheLeaks/]: Server Player Logout: 3
[24Jan2026 00:36:46.329] [Server thread/INFO] [AllTheLeaks/]: Listing memory leaks so far...
[24Jan2026 00:36:46.330] [Server thread/INFO] [AllTheLeaks/]: Waiting to stabilize [0/10]
[24Jan2026 00:36:46.331] [Server thread/INFO] [AllTheLeaks/]: Memory Leaks detected: (/atl force_refresh to update)
[24Jan2026 00:36:46.331] [Server thread/INFO] [AllTheLeaks/]: | Player:
[24Jan2026 00:36:46.332] [Server thread/INFO] [AllTheLeaks/]: |- ServerPlayer (minecraft): 3
[24Jan2026 00:36:46.332] [Server thread/INFO] [AllTheLeaks/]: | ChunkAccess:
[24Jan2026 00:36:46.333] [Server thread/INFO] [AllTheLeaks/]: |- LevelChunk (minecraft): 632
[24Jan2026 00:41:46.376] [Server thread/INFO] [AllTheLeaks/]: Listing events...
[24Jan2026 00:41:46.376] [Server thread/INFO] [AllTheLeaks/]: Server Player Logout: 3
[24Jan2026 00:41:46.377] [Server thread/INFO] [AllTheLeaks/]: Listing memory leaks so far...
[24Jan2026 00:41:46.378] [Server thread/INFO] [AllTheLeaks/]: Waiting to stabilize [1/10]
[24Jan2026 00:41:46.378] [Server thread/INFO] [AllTheLeaks/]: Memory Leaks detected: (/atl force_refresh to update)
[24Jan2026 00:41:46.379] [Server thread/INFO] [AllTheLeaks/]: | Player:
[24Jan2026 00:41:46.380] [Server thread/INFO] [AllTheLeaks/]: |- ServerPlayer (minecraft): 3
[24Jan2026 00:41:46.380] [Server thread/INFO] [AllTheLeaks/]: | ChunkAccess:
[24Jan2026 00:41:46.381] [Server thread/INFO] [AllTheLeaks/]: |- LevelChunk (minecraft): 632
[24Jan2026 00:46:46.425] [Server thread/INFO] [AllTheLeaks/]: Listing events...
[24Jan2026 00:46:46.425] [Server thread/INFO] [AllTheLeaks/]: Server Player Logout: 3
[24Jan2026 00:46:46.427] [Server thread/INFO] [AllTheLeaks/]: Listing memory leaks so far...
[24Jan2026 00:46:46.427] [Server thread/INFO] [AllTheLeaks/]: Waiting to stabilize [1/10]
[24Jan2026 00:46:46.428] [Server thread/INFO] [AllTheLeaks/]: Memory Leaks detected: (/atl force_refresh to update)
[24Jan2026 00:46:46.429] [Server thread/INFO] [AllTheLeaks/]: | Player:
[24Jan2026 00:46:46.429] [Server thread/INFO] [AllTheLeaks/]: |- ServerPlayer (minecraft): 3
[24Jan2026 00:46:46.430] [Server thread/INFO] [AllTheLeaks/]: | ChunkAccess:
[24Jan2026 00:46:46.431] [Server thread/INFO] [AllTheLeaks/]: |- LevelChunk (minecraft): 632
[24Jan2026 00:51:46.477] [Server thread/INFO] [AllTheLeaks/]: Listing events...
[24Jan2026 00:51:46.477] [Server thread/INFO] [AllTheLeaks/]: Server Player Logout: 3
[24Jan2026 00:51:46.480] [Server thread/INFO] [AllTheLeaks/]: Listing memory leaks so far...
[24Jan2026 00:51:46.481] [Server thread/INFO] [AllTheLeaks/]: Waiting to stabilize [1/10]
[24Jan2026 00:51:46.482] [Server thread/INFO] [AllTheLeaks/]: Memory Leaks detected: (/atl force_refresh to update)
[24Jan2026 00:51:46.482] [Server thread/INFO] [AllTheLeaks/]: | Player:
[24Jan2026 00:51:46.483] [Server thread/INFO] [AllTheLeaks/]: |- ServerPlayer (minecraft): 3
[24Jan2026 00:51:46.484] [Server thread/INFO] [AllTheLeaks/]: | ChunkAccess:
[24Jan2026 00:51:46.485] [Server thread/INFO] [AllTheLeaks/]: |- LevelChunk (minecraft): 632
[24Jan2026 00:56:46.525] [Server thread/INFO] [AllTheLeaks/]: Listing events...
[24Jan2026 00:56:46.525] [Server thread/INFO] [AllTheLeaks/]: Server Player Logout: 3
[24Jan2026 00:56:46.527] [Server thread/INFO] [AllTheLeaks/]: Listing memory leaks so far...
[24Jan2026 00:56:46.528] [Server thread/INFO] [AllTheLeaks/]: Waiting to stabilize [1/10]
[24Jan2026 00:56:46.529] [Server thread/INFO] [AllTheLeaks/]: Memory Leaks detected: (/atl force_refresh to update)
[24Jan2026 00:56:46.530] [Server thread/INFO] [AllTheLeaks/]: | Player:
[24Jan2026 00:56:46.531] [Server thread/INFO] [AllTheLeaks/]: |- ServerPlayer (minecraft): 3
[24Jan2026 00:56:46.531] [Server thread/INFO] [AllTheLeaks/]: | ChunkAccess:
[24Jan2026 00:56:46.532] [Server thread/INFO] [AllTheLeaks/]: |- LevelChunk (minecraft): 632
[24Jan2026 01:01:46.577] [Server thread/INFO] [AllTheLeaks/]: Listing events...
[24Jan2026 01:01:46.577] [Server thread/INFO] [AllTheLeaks/]: Server Player Logout: 3
[24Jan2026 01:01:46.579] [Server thread/INFO] [AllTheLeaks/]: Listing memory leaks so far...
[24Jan2026 01:01:46.580] [Server thread/INFO] [AllTheLeaks/]: Waiting to stabilize [1/10]
[24Jan2026 01:01:46.580] [Server thread/INFO] [AllTheLeaks/]: Memory Leaks detected: (/atl force_refresh to update)
[24Jan2026 01:01:46.582] [Server thread/INFO] [AllTheLeaks/]: | Player:
[24Jan2026 01:01:46.582] [Server thread/INFO] [AllTheLeaks/]: |- ServerPlayer (minecraft): 3
[24Jan2026 01:01:46.583] [Server thread/INFO] [AllTheLeaks/]: | ChunkAccess:
[24Jan2026 01:01:46.584] [Server thread/INFO] [AllTheLeaks/]: |- LevelChunk (minecraft): 632
[24Jan2026 01:06:46.626] [Server thread/INFO] [AllTheLeaks/]: Listing events...
[24Jan2026 01:06:46.626] [Server thread/INFO] [AllTheLeaks/]: Server Player Logout: 3
[24Jan2026 01:06:46.628] [Server thread/INFO] [AllTheLeaks/]: Listing memory leaks so far...
[24Jan2026 01:06:46.629] [Server thread/INFO] [AllTheLeaks/]: Waiting to stabilize [3/10]
[24Jan2026 01:06:46.629] [Server thread/INFO] [AllTheLeaks/]: Memory Leaks detected: (/atl force_refresh to update)
[24Jan2026 01:06:46.630] [Server thread/INFO] [AllTheLeaks/]: | Player:
[24Jan2026 01:06:46.630] [Server thread/INFO] [AllTheLeaks/]: |- ServerPlayer (minecraft): 3
[24Jan2026 01:06:46.631] [Server thread/INFO] [AllTheLeaks/]: | ChunkAccess:
[24Jan2026 01:06:46.632] [Server thread/INFO] [AllTheLeaks/]: |- LevelChunk (minecraft): 364
[24Jan2026 01:11:46.675] [Server thread/INFO] [AllTheLeaks/]: Listing events...
[24Jan2026 01:11:46.675] [Server thread/INFO] [AllTheLeaks/]: Server Player Logout: 3
[24Jan2026 01:11:46.677] [Server thread/INFO] [AllTheLeaks/]: Listing memory leaks so far...
[24Jan2026 01:11:46.678] [Server thread/INFO] [AllTheLeaks/]: Waiting to stabilize [3/10]
[24Jan2026 01:11:46.678] [Server thread/INFO] [AllTheLeaks/]: Memory Leaks detected: (/atl force_refresh to update)
[24Jan2026 01:11:46.679] [Server thread/INFO] [AllTheLeaks/]: | Player:
[24Jan2026 01:11:46.680] [Server thread/INFO] [AllTheLeaks/]: |- ServerPlayer (minecraft): 3
[24Jan2026 01:11:46.681] [Server thread/INFO] [AllTheLeaks/]: | ChunkAccess:
[24Jan2026 01:11:46.681] [Server thread/INFO] [AllTheLeaks/]: |- LevelChunk (minecraft): 364
[24Jan2026 01:16:46.726] [Server thread/INFO] [AllTheLeaks/]: Listing events...
[24Jan2026 01:16:46.726] [Server thread/INFO] [AllTheLeaks/]: Server Player Logout: 3
[24Jan2026 01:16:46.728] [Server thread/INFO] [AllTheLeaks/]: Listing memory leaks so far...
[24Jan2026 01:16:46.729] [Server thread/INFO] [AllTheLeaks/]: Waiting to stabilize [3/10]
[24Jan2026 01:16:46.729] [Server thread/INFO] [AllTheLeaks/]: Memory Leaks detected: (/atl force_refresh to update)
[24Jan2026 01:16:46.730] [Server thread/INFO] [AllTheLeaks/]: | Player:
[24Jan2026 01:16:46.731] [Server thread/INFO] [AllTheLeaks/]: |- ServerPlayer (minecraft): 3
[24Jan2026 01:16:46.732] [Server thread/INFO] [AllTheLeaks/]: | ChunkAccess:
[24Jan2026 01:16:46.732] [Server thread/INFO] [AllTheLeaks/]: |- LevelChunk (minecraft): 364
[24Jan2026 01:21:46.775] [Server thread/INFO] [AllTheLeaks/]: Listing events...
[24Jan2026 01:21:46.775] [Server thread/INFO] [AllTheLeaks/]: Server Player Logout: 3
[24Jan2026 01:21:46.777] [Server thread/INFO] [AllTheLeaks/]: Listing memory leaks so far...
[24Jan2026 01:21:46.778] [Server thread/INFO] [AllTheLeaks/]: Waiting to stabilize [3/10]
[24Jan2026 01:21:46.778] [Server thread/INFO] [AllTheLeaks/]: Memory Leaks detected: (/atl force_refresh to update)
[24Jan2026 01:21:46.779] [Server thread/INFO] [AllTheLeaks/]: | Player:
[24Jan2026 01:21:46.780] [Server thread/INFO] [AllTheLeaks/]: |- ServerPlayer (minecraft): 3
[24Jan2026 01:21:46.780] [Server thread/INFO] [AllTheLeaks/]: | ChunkAccess:
[24Jan2026 01:21:46.781] [Server thread/INFO] [AllTheLeaks/]: |- LevelChunk (minecraft): 364
[24Jan2026 01:26:46.825] [Server thread/INFO] [AllTheLeaks/]: Listing events...
[24Jan2026 01:26:46.825] [Server thread/INFO] [AllTheLeaks/]: Server Player Logout: 3
[24Jan2026 01:26:46.827] [Server thread/INFO] [AllTheLeaks/]: Listing memory leaks so far...
[24Jan2026 01:26:46.827] [Server thread/INFO] [AllTheLeaks/]: Waiting to stabilize [3/10]
[24Jan2026 01:26:46.828] [Server thread/INFO] [AllTheLeaks/]: Memory Leaks detected: (/atl force_refresh to update)
[24Jan2026 01:26:46.829] [Server thread/INFO] [AllTheLeaks/]: | Player:
[24Jan2026 01:26:46.829] [Server thread/INFO] [AllTheLeaks/]: |- ServerPlayer (minecraft): 3
[24Jan2026 01:26:46.830] [Server thread/INFO] [AllTheLeaks/]: | ChunkAccess:
[24Jan2026 01:26:46.830] [Server thread/INFO] [AllTheLeaks/]: |- LevelChunk (minecraft): 364
[24Jan2026 01:31:46.876] [Server thread/INFO] [AllTheLeaks/]: Listing events...
[24Jan2026 01:31:46.877] [Server thread/INFO] [AllTheLeaks/]: Server Player Logout: 3
[24Jan2026 01:31:46.879] [Server thread/INFO] [AllTheLeaks/]: Listing memory leaks so far...
[24Jan2026 01:31:46.879] [Server thread/INFO] [AllTheLeaks/]: Waiting to stabilize [0/10]
[24Jan2026 01:31:46.880] [Server thread/INFO] [AllTheLeaks/]: Memory Leaks detected: (/atl force_refresh to update)
[24Jan2026 01:31:46.880] [Server thread/INFO] [AllTheLeaks/]: | Player:
[24Jan2026 01:31:46.881] [Server thread/INFO] [AllTheLeaks/]: |- ServerPlayer (minecraft): 3
[24Jan2026 01:31:46.881] [Server thread/INFO] [AllTheLeaks/]: | ChunkAccess:
[24Jan2026 01:31:46.882] [Server thread/INFO] [AllTheLeaks/]: |- LevelChunk (minecraft): 364
[24Jan2026 01:36:46.924] [Server thread/INFO] [AllTheLeaks/]: Listing events...
[24Jan2026 01:36:46.925] [Server thread/INFO] [AllTheLeaks/]: Server Player Logout: 3
[24Jan2026 01:36:46.927] [Server thread/INFO] [AllTheLeaks/]: Listing memory leaks so far...
[24Jan2026 01:36:46.927] [Server thread/INFO] [AllTheLeaks/]: Waiting to stabilize [0/10]
[24Jan2026 01:36:46.928] [Server thread/INFO] [AllTheLeaks/]: Memory Leaks detected: (/atl force_refresh to update)
[24Jan2026 01:36:46.929] [Server thread/INFO] [AllTheLeaks/]: | Player:
[24Jan2026 01:36:46.929] [Server thread/INFO] [AllTheLeaks/]: |- ServerPlayer (minecraft): 3
[24Jan2026 01:36:46.930] [Server thread/INFO] [AllTheLeaks/]: | ChunkAccess:
[24Jan2026 01:36:46.931] [Server thread/INFO] [AllTheLeaks/]: |- LevelChunk (minecraft): 364
[24Jan2026 01:41:46.976] [Server thread/INFO] [AllTheLeaks/]: Listing events...
[24Jan2026 01:41:46.976] [Server thread/INFO] [AllTheLeaks/]: Server Player Logout: 3
[24Jan2026 01:41:46.977] [Server thread/INFO] [AllTheLeaks/]: Listing memory leaks so far...
[24Jan2026 01:41:46.978] [Server thread/INFO] [AllTheLeaks/]: Waiting to stabilize [0/10]
[24Jan2026 01:41:46.978] [Server thread/INFO] [AllTheLeaks/]: Memory Leaks detected: (/atl force_refresh to update)
[24Jan2026 01:41:46.979] [Server thread/INFO] [AllTheLeaks/]: | Player:
[24Jan2026 01:41:46.980] [Server thread/INFO] [AllTheLeaks/]: |- ServerPlayer (minecraft): 3
[24Jan2026 01:41:46.980] [Server thread/INFO] [AllTheLeaks/]: | ChunkAccess:
[24Jan2026 01:41:46.981] [Server thread/INFO] [AllTheLeaks/]: |- LevelChunk (minecraft): 364
[24Jan2026 01:46:47.026] [Server thread/INFO] [AllTheLeaks/]: Listing events...
[24Jan2026 01:46:47.026] [Server thread/INFO] [AllTheLeaks/]: Server Player Logout: 3
[24Jan2026 01:46:47.029] [Server thread/INFO] [AllTheLeaks/]: Listing memory leaks so far...
[24Jan2026 01:46:47.030] [Server thread/INFO] [AllTheLeaks/]: Waiting to stabilize [0/10]
[24Jan2026 01:46:47.030] [Server thread/INFO] [AllTheLeaks/]: Memory Leaks detected: (/atl force_refresh to update)
[24Jan2026 01:46:47.031] [Server thread/INFO] [AllTheLeaks/]: | Player:
[24Jan2026 01:46:47.032] [Server thread/INFO] [AllTheLeaks/]: |- ServerPlayer (minecraft): 3
[24Jan2026 01:46:47.033] [Server thread/INFO] [AllTheLeaks/]: | ChunkAccess:
[24Jan2026 01:46:47.034] [Server thread/INFO] [AllTheLeaks/]: |- LevelChunk (minecraft): 364
[24Jan2026 01:51:47.077] [Server thread/INFO] [AllTheLeaks/]: Listing events...
[24Jan2026 01:51:47.077] [Server thread/INFO] [AllTheLeaks/]: Server Player Logout: 3
[24Jan2026 01:51:47.079] [Server thread/INFO] [AllTheLeaks/]: Listing memory leaks so far...
[24Jan2026 01:51:47.080] [Server thread/INFO] [AllTheLeaks/]: Waiting to stabilize [0/10]
[24Jan2026 01:51:47.080] [Server thread/INFO] [AllTheLeaks/]: Memory Leaks detected: (/atl force_refresh to update)
[24Jan2026 01:51:47.081] [Server thread/INFO] [AllTheLeaks/]: | Player:
[24Jan2026 01:51:47.082] [Server thread/INFO] [AllTheLeaks/]: |- ServerPlayer (minecraft): 3
[24Jan2026 01:51:47.082] [Server thread/INFO] [AllTheLeaks/]: | ChunkAccess:
[24Jan2026 01:51:47.083] [Server thread/INFO] [AllTheLeaks/]: |- LevelChunk (minecraft): 364
[24Jan2026 01:56:47.125] [Server thread/INFO] [AllTheLeaks/]: Listing events...
[24Jan2026 01:56:47.126] [Server thread/INFO] [AllTheLeaks/]: Server Player Logout: 3
[24Jan2026 01:56:47.127] [Server thread/INFO] [AllTheLeaks/]: Listing memory leaks so far...
[24Jan2026 01:56:47.128] [Server thread/INFO] [AllTheLeaks/]: Waiting to stabilize [0/10]
[24Jan2026 01:56:47.128] [Server thread/INFO] [AllTheLeaks/]: Memory Leaks detected: (/atl force_refresh to update)
[24Jan2026 01:56:47.129] [Server thread/INFO] [AllTheLeaks/]: | Player:
[24Jan2026 01:56:47.129] [Server thread/INFO] [AllTheLeaks/]: |- ServerPlayer (minecraft): 3
[24Jan2026 01:56:47.130] [Server thread/INFO] [AllTheLeaks/]: | ChunkAccess:
[24Jan2026 01:56:47.130] [Server thread/INFO] [AllTheLeaks/]: |- LevelChunk (minecraft): 364
[24Jan2026 02:01:47.175] [Server thread/INFO] [AllTheLeaks/]: Listing events...
[24Jan2026 02:01:47.175] [Server thread/INFO] [AllTheLeaks/]: Server Player Logout: 3
[24Jan2026 02:01:47.177] [Server thread/INFO] [AllTheLeaks/]: Listing memory leaks so far...
[24Jan2026 02:01:47.178] [Server thread/INFO] [AllTheLeaks/]: Waiting to stabilize [0/10]
[24Jan2026 02:01:47.179] [Server thread/INFO] [AllTheLeaks/]: Memory Leaks detected: (/atl force_refresh to update)
[24Jan2026 02:01:47.179] [Server thread/INFO] [AllTheLeaks/]: | Player:
[24Jan2026 02:01:47.181] [Server thread/INFO] [AllTheLeaks/]: |- ServerPlayer (minecraft): 3
[24Jan2026 02:01:47.181] [Server thread/INFO] [AllTheLeaks/]: | ChunkAccess:
[24Jan2026 02:01:47.182] [Server thread/INFO] [AllTheLeaks/]: |- LevelChunk (minecraft): 364
[24Jan2026 02:06:47.227] [Server thread/INFO] [AllTheLeaks/]: Listing events...
[24Jan2026 02:06:47.228] [Server thread/INFO] [AllTheLeaks/]: Server Player Logout: 3
[24Jan2026 02:06:47.229] [Server thread/INFO] [AllTheLeaks/]: Listing memory leaks so far...
[24Jan2026 02:06:47.230] [Server thread/INFO] [AllTheLeaks/]: Waiting to stabilize [0/10]
[24Jan2026 02:06:47.230] [Server thread/INFO] [AllTheLeaks/]: Memory Leaks detected: (/atl force_refresh to update)
[24Jan2026 02:06:47.231] [Server thread/INFO] [AllTheLeaks/]: | Player:
[24Jan2026 02:06:47.232] [Server thread/INFO] [AllTheLeaks/]: |- ServerPlayer (minecraft): 3
[24Jan2026 02:06:47.232] [Server thread/INFO] [AllTheLeaks/]: | ChunkAccess:
[24Jan2026 02:06:47.233] [Server thread/INFO] [AllTheLeaks/]: |- LevelChunk (minecraft): 364
[24Jan2026 02:11:47.276] [Server thread/INFO] [AllTheLeaks/]: Listing events...
[24Jan2026 02:11:47.277] [Server thread/INFO] [AllTheLeaks/]: Server Player Logout: 3
[24Jan2026 02:11:47.279] [Server thread/INFO] [AllTheLeaks/]: Listing memory leaks so far...
[24Jan2026 02:11:47.279] [Server thread/INFO] [AllTheLeaks/]: Waiting to stabilize [0/10]
[24Jan2026 02:11:47.279] [Server thread/INFO] [AllTheLeaks/]: Memory Leaks detected: (/atl force_refresh to update)
[24Jan2026 02:11:47.280] [Server thread/INFO] [AllTheLeaks/]: | Player:
[24Jan2026 02:11:47.281] [Server thread/INFO] [AllTheLeaks/]: |- ServerPlayer (minecraft): 3
[24Jan2026 02:11:47.281] [Server thread/INFO] [AllTheLeaks/]: | ChunkAccess:
[24Jan2026 02:11:47.282] [Server thread/INFO] [AllTheLeaks/]: |- LevelChunk (minecraft): 364
[24Jan2026 02:16:47.327] [Server thread/INFO] [AllTheLeaks/]: Listing events...
[24Jan2026 02:16:47.327] [Server thread/INFO] [AllTheLeaks/]: Server Player Logout: 3
[24Jan2026 02:16:47.328] [Server thread/INFO] [AllTheLeaks/]: Listing memory leaks so far...
[24Jan2026 02:16:47.329] [Server thread/INFO] [AllTheLeaks/]: Waiting to stabilize [0/10]
[24Jan2026 02:16:47.329] [Server thread/INFO] [AllTheLeaks/]: Memory Leaks detected: (/atl force_refresh to update)
[24Jan2026 02:16:47.330] [Server thread/INFO] [AllTheLeaks/]: | Player:
[24Jan2026 02:16:47.331] [Server thread/INFO] [AllTheLeaks/]: |- ServerPlayer (minecraft): 3
[24Jan2026 02:16:47.331] [Server thread/INFO] [AllTheLeaks/]: | ChunkAccess:
[24Jan2026 02:16:47.331] [Server thread/INFO] [AllTheLeaks/]: |- LevelChunk (minecraft): 364
[24Jan2026 02:21:47.375] [Server thread/INFO] [AllTheLeaks/]: Listing events...
[24Jan2026 02:21:47.375] [Server thread/INFO] [AllTheLeaks/]: Server Player Logout: 3
[24Jan2026 02:21:47.377] [Server thread/INFO] [AllTheLeaks/]: Listing memory leaks so far...
[24Jan2026 02:21:47.378] [Server thread/INFO] [AllTheLeaks/]: Waiting to stabilize [1/10]
[24Jan2026 02:21:47.378] [Server thread/INFO] [AllTheLeaks/]: Memory Leaks detected: (/atl force_refresh to update)
[24Jan2026 02:21:47.379] [Server thread/INFO] [AllTheLeaks/]: | Player:
[24Jan2026 02:21:47.379] [Server thread/INFO] [AllTheLeaks/]: |- ServerPlayer (minecraft): 3
[24Jan2026 02:21:47.380] [Server thread/INFO] [AllTheLeaks/]: | ChunkAccess:
[24Jan2026 02:21:47.381] [Server thread/INFO] [AllTheLeaks/]: |- LevelChunk (minecraft): 364
[24Jan2026 02:26:47.426] [Server thread/INFO] [AllTheLeaks/]: Listing events...
[24Jan2026 02:26:47.426] [Server thread/INFO] [AllTheLeaks/]: Server Player Logout: 3
[24Jan2026 02:26:47.428] [Server thread/INFO] [AllTheLeaks/]: Listing memory leaks so far...
[24Jan2026 02:26:47.429] [Server thread/INFO] [AllTheLeaks/]: Waiting to stabilize [1/10]
[24Jan2026 02:26:47.430] [Server thread/INFO] [AllTheLeaks/]: Memory Leaks detected: (/atl force_refresh to update)
[24Jan2026 02:26:47.430] [Server thread/INFO] [AllTheLeaks/]: | Player:
[24Jan2026 02:26:47.431] [Server thread/INFO] [AllTheLeaks/]: |- ServerPlayer (minecraft): 3
[24Jan2026 02:26:47.432] [Server thread/INFO] [AllTheLeaks/]: | ChunkAccess:
[24Jan2026 02:26:47.433] [Server thread/INFO] [AllTheLeaks/]: |- LevelChunk (minecraft): 364
[24Jan2026 02:31:47.476] [Server thread/INFO] [AllTheLeaks/]: Listing events...
[24Jan2026 02:31:47.477] [Server thread/INFO] [AllTheLeaks/]: Server Player Logout: 3
[24Jan2026 02:31:47.478] [Server thread/INFO] [AllTheLeaks/]: Listing memory leaks so far...
[24Jan2026 02:31:47.479] [Server thread/INFO] [AllTheLeaks/]: Waiting to stabilize [1/10]
[24Jan2026 02:31:47.479] [Server thread/INFO] [AllTheLeaks/]: Memory Leaks detected: (/atl force_refresh to update)
[24Jan2026 02:31:47.480] [Server thread/INFO] [AllTheLeaks/]: | Player:
[24Jan2026 02:31:47.480] [Server thread/INFO] [AllTheLeaks/]: |- ServerPlayer (minecraft): 3
[24Jan2026 02:31:47.481] [Server thread/INFO] [AllTheLeaks/]: | ChunkAccess:
[24Jan2026 02:31:47.481] [Server thread/INFO] [AllTheLeaks/]: |- LevelChunk (minecraft): 364
[24Jan2026 02:36:47.524] [Server thread/INFO] [AllTheLeaks/]: Listing events...
[24Jan2026 02:36:47.525] [Server thread/INFO] [AllTheLeaks/]: Server Player Logout: 3
[24Jan2026 02:36:47.526] [Server thread/INFO] [AllTheLeaks/]: Listing memory leaks so far...
[24Jan2026 02:36:47.529] [Server thread/INFO] [AllTheLeaks/]: Waiting to stabilize [1/10]
[24Jan2026 02:36:47.529] [Server thread/INFO] [AllTheLeaks/]: Memory Leaks detected: (/atl force_refresh to update)
[24Jan2026 02:36:47.530] [Server thread/INFO] [AllTheLeaks/]: | Player:
[24Jan2026 02:36:47.532] [Server thread/INFO] [AllTheLeaks/]: |- ServerPlayer (minecraft): 3
[24Jan2026 02:36:47.532] [Server thread/INFO] [AllTheLeaks/]: | ChunkAccess:
[24Jan2026 02:36:47.533] [Server thread/INFO] [AllTheLeaks/]: |- LevelChunk (minecraft): 364
[24Jan2026 02:36:49.777] [Server thread/INFO] [net.minecraft.server.MinecraftServer/]: Stopping the server
[24Jan2026 02:36:49.853] [Server thread/INFO] [me.neznamy.tab.platforms.forge.ForgePlatform/]: [TAB] Disabled in 2ms
[24Jan2026 02:36:49.861] [Server thread/INFO] [AllTheLeaks/]: Method invalidateAll at mixin dev.uncandango.alltheleaks.mixin.core.main.FakeLevelManagerMixin cancelled due to not matching hash: Actual -2034214357, Expected: [-1241170928]
[24Jan2026 02:36:49.862] [Server thread/INFO] [AllTheLeaks/]: Mixin annotation @Lcom/llamalad7/mixinextras/injector/wrapoperation/WrapOperation;(at={@Lorg/spongepowered/asm/mixin/injection/At;(args={}, value="INVOKE", target="Ljava/util/Map;values()Ljava/util/Collection;")}, method={}, slice={}) at mixin dev.uncandango.alltheleaks.mixin.core.main.FakeLevelManagerMixin removed due to no methods available
[24Jan2026 02:36:49.864] [Server thread/WARN] [mixinsquared-annotation-adjuster/]: Modified mixin "dev.uncandango.alltheleaks.mixin.core.main.FakeLevelManagerMixin". Check debug logs for more information.
[24Jan2026 02:36:49.908] [Server thread/INFO] [net.minecraft.server.MinecraftServer/]: Stopping server
[24Jan2026 02:36:49.910] [Server thread/INFO] [net.minecraft.server.MinecraftServer/]: Saving players
[24Jan2026 02:36:49.910] [Server thread/INFO] [net.minecraft.server.MinecraftServer/]: Saving worlds
[24Jan2026 02:36:49.957] [Immersive Optimization Worker/INFO] [Immersive Optimization/]: Shutting down Immersive Optimization worker
[24Jan2026 02:36:49.969] [Server thread/INFO] [net.minecraft.server.MinecraftServer/]: Saving chunks for level 'ServerLevel[world]'/minecraft:overworld
[24Jan2026 02:36:50.060] [Server thread/INFO] [net.minecraft.server.MinecraftServer/]: Saving chunks for level 'ServerLevel[world]'/lostcities:lostcity
[24Jan2026 02:36:50.063] [Server thread/INFO] [net.minecraft.server.MinecraftServer/]: Saving chunks for level 'ServerLevel[world]'/deceasedcraft:abyss
[24Jan2026 02:36:50.068] [Server thread/INFO] [net.minecraft.server.MinecraftServer/]: Saving chunks for level 'ServerLevel[world]'/lostworlds:abyss
[24Jan2026 02:36:50.071] [Server thread/INFO] [net.minecraft.server.MinecraftServer/]: Saving chunks for level 'ServerLevel[world]'/minecraft:the_nether
[24Jan2026 02:36:50.074] [Server thread/INFO] [net.minecraft.server.MinecraftServer/]: Saving chunks for level 'ServerLevel[world]'/minecraft:the_end
[24Jan2026 02:36:50.556] [Server thread/INFO] [net.minecraft.server.MinecraftServer/]: ThreadedAnvilChunkStorage (world): All chunks are saved
[24Jan2026 02:36:50.557] [Server thread/INFO] [net.minecraft.server.MinecraftServer/]: ThreadedAnvilChunkStorage (lostcity): All chunks are saved
[24Jan2026 02:36:50.559] [Server thread/INFO] [net.minecraft.server.MinecraftServer/]: ThreadedAnvilChunkStorage (abyss): All chunks are saved
[24Jan2026 02:36:50.559] [Server thread/INFO] [net.minecraft.server.MinecraftServer/]: ThreadedAnvilChunkStorage (abyss): All chunks are saved
[24Jan2026 02:36:50.560] [Server thread/INFO] [net.minecraft.server.MinecraftServer/]: ThreadedAnvilChunkStorage (DIM-1): All chunks are saved
[24Jan2026 02:36:50.560] [Server thread/INFO] [net.minecraft.server.MinecraftServer/]: ThreadedAnvilChunkStorage (DIM1): All chunks are saved
[24Jan2026 02:36:50.561] [Server thread/INFO] [net.minecraft.server.MinecraftServer/]: ThreadedAnvilChunkStorage: All dimensions are saved
[24Jan2026 02:36:52.197] [Server thread/INFO] [Framework/]: Unloading server configs...
[24Jan2026 02:36:52.200] [Server thread/INFO] [Framework/]: Sending config unload event for refurbished_furniture.server.toml
[24Jan2026 02:36:52.208] [Server thread/INFO] [Framework/]: Sending config unload event for cfm_wap.server.toml
[24Jan2026 02:36:52.208] [Server thread/INFO] [Framework/]: Finished unloading server configs
[24Jan2026 02:36:52.209] [Server thread/INFO] [xaero.pac.OpenPartiesAndClaims/]: Stopping IO worker...
[24Jan2026 02:36:52.217] [Server thread/INFO] [xaero.pac.OpenPartiesAndClaims/]: Stopped IO worker!
